<?xml version="1.0" encoding="UTF-8"?>
<robot generator="Robot 4.1.3 (Python 3.10.1 on win32)" generated="20221012 08:39:21.653" rpa="false" schemaversion="2">
<suite id="s1" name="My Schedule" source="C:\Users\Alejandro\Desktop\Family_My_Schedule\My_Schedule.robot">
<kw name="Open App" library="Keywords" type="SETUP">
<kw name="Open Application" library="AppiumLibrary">
<arg>${url}</arg>
<arg>platformName=${PlatFormName}</arg>
<arg>platformVersion=${PlatFormVersion}</arg>
<arg>deviceName=${DeviceName}</arg>
<arg>automationName=UiAutomator2</arg>
<arg>newCommandTimeout=2500</arg>
<arg>noReset=True</arg>
<arg>activateName=${Activity_NAME}</arg>
<arg>packageName=${PACKAGE_NAME}</arg>
<doc>Opens a new application to given Appium server.
Capabilities of appium server, Android and iOS,
Please check https://github.com/appium/appium/blob/master/docs/en/writing-running-appium/server-args.md
| *Option*            | *Man.* | *Description*     |
| remote_url          | Yes    | Appium server url |
| alias               | no     | alias             |</doc>
<status status="PASS" starttime="20221012 08:39:21.869" endtime="20221012 08:39:37.549"/>
</kw>
<status status="PASS" starttime="20221012 08:39:21.869" endtime="20221012 08:39:37.549"/>
</kw>
<test id="s1-t1" name="Test Tab Family My Schedule Window">
<kw name="Open App" library="Keywords">
<kw name="Open Application" library="AppiumLibrary">
<arg>${url}</arg>
<arg>platformName=${PlatFormName}</arg>
<arg>platformVersion=${PlatFormVersion}</arg>
<arg>deviceName=${DeviceName}</arg>
<arg>automationName=UiAutomator2</arg>
<arg>newCommandTimeout=2500</arg>
<arg>noReset=True</arg>
<arg>activateName=${Activity_NAME}</arg>
<arg>packageName=${PACKAGE_NAME}</arg>
<doc>Opens a new application to given Appium server.
Capabilities of appium server, Android and iOS,
Please check https://github.com/appium/appium/blob/master/docs/en/writing-running-appium/server-args.md
| *Option*            | *Man.* | *Description*     |
| remote_url          | Yes    | Appium server url |
| alias               | no     | alias             |</doc>
<status status="PASS" starttime="20221012 08:39:37.550" endtime="20221012 08:39:52.820"/>
</kw>
<status status="PASS" starttime="20221012 08:39:37.550" endtime="20221012 08:39:52.820"/>
</kw>
<kw name="Page Home E-hub" library="Keywords">
<kw name="Wait Until Element Is Visible" library="AppiumLibrary">
<arg>id=com.sentrics.engage360:id/tvGroupName</arg>
<doc>Waits until element specified with `locator` is visible.</doc>
<status status="PASS" starttime="20221012 08:39:52.821" endtime="20221012 08:40:23.254"/>
</kw>
<kw name="Element Should Be Visible" library="AppiumLibrary">
<arg>id=com.sentrics.engage360:id/tvGroupName</arg>
<arg>Entertainment</arg>
<doc>Verifies that element identified with locator is visible.</doc>
<status status="PASS" starttime="20221012 08:40:23.254" endtime="20221012 08:40:53.761"/>
</kw>
<status status="PASS" starttime="20221012 08:39:52.820" endtime="20221012 08:40:53.761"/>
</kw>
<kw name="Home - My Schedule" library="Keywords">
<kw name="Press Keycode" library="AppiumLibrary">
<arg>20</arg>
<doc>Sends a press of keycode to the device.</doc>
<status status="PASS" starttime="20221012 08:40:53.761" endtime="20221012 08:41:04.008"/>
</kw>
<kw name="Press Keycode" library="AppiumLibrary">
<arg>22</arg>
<doc>Sends a press of keycode to the device.</doc>
<status status="PASS" starttime="20221012 08:41:04.008" endtime="20221012 08:41:14.142"/>
</kw>
<kw name="Press Keycode" library="AppiumLibrary">
<arg>23</arg>
<doc>Sends a press of keycode to the device.</doc>
<status status="PASS" starttime="20221012 08:41:14.142" endtime="20221012 08:41:24.348"/>
</kw>
<kw name="Wait Until Element Is Visible" library="AppiumLibrary">
<arg>id=com.sentrics.engage360:id/tvMonthName</arg>
<doc>Waits until element specified with `locator` is visible.</doc>
<status status="PASS" starttime="20221012 08:41:24.348" endtime="20221012 08:41:27.815"/>
</kw>
<status status="PASS" starttime="20221012 08:40:53.761" endtime="20221012 08:41:27.816"/>
</kw>
<kw name="Navigation between Months - My Schedule" library="Keywords">
<kw name="Press Keycode" library="AppiumLibrary">
<arg>19</arg>
<doc>Sends a press of keycode to the device.</doc>
<status status="PASS" starttime="20221012 08:41:27.817" endtime="20221012 08:41:27.871"/>
</kw>
<kw name="Press Keycode" library="AppiumLibrary">
<arg>19</arg>
<doc>Sends a press of keycode to the device.</doc>
<status status="PASS" starttime="20221012 08:41:27.871" endtime="20221012 08:41:27.935"/>
</kw>
<kw name="Press Keycode" library="AppiumLibrary">
<arg>23</arg>
<doc>Sends a press of keycode to the device.</doc>
<status status="PASS" starttime="20221012 08:41:27.935" endtime="20221012 08:41:28.474"/>
</kw>
<kw name="Wait Until Element Is Visible" library="AppiumLibrary">
<arg>id=com.sentrics.engage360:id/tvMonthName</arg>
<doc>Waits until element specified with `locator` is visible.</doc>
<status status="PASS" starttime="20221012 08:41:28.475" endtime="20221012 08:41:29.368"/>
</kw>
<kw name="Wait Until Element Is Visible" library="AppiumLibrary">
<arg>id=com.sentrics.engage360:id/calendarBtnBackToToday</arg>
<doc>Waits until element specified with `locator` is visible.</doc>
<status status="PASS" starttime="20221012 08:41:29.368" endtime="20221012 08:41:29.796"/>
</kw>
<kw name="Press Keycode" library="AppiumLibrary">
<arg>21</arg>
<doc>Sends a press of keycode to the device.</doc>
<status status="PASS" starttime="20221012 08:41:29.796" endtime="20221012 08:41:29.916"/>
</kw>
<kw name="Press Keycode" library="AppiumLibrary">
<arg>23</arg>
<doc>Sends a press of keycode to the device.</doc>
<status status="PASS" starttime="20221012 08:41:29.916" endtime="20221012 08:41:30.889"/>
</kw>
<status status="PASS" starttime="20221012 08:41:27.816" endtime="20221012 08:41:30.889"/>
</kw>
<kw name="Select days in the monthly calendar - My Schedule" library="Keywords">
<kw name="Wait Until Element Is Visible" library="AppiumLibrary">
<arg>id=com.sentrics.engage360:id/tvMonthName</arg>
<doc>Waits until element specified with `locator` is visible.</doc>
<status status="PASS" starttime="20221012 08:41:30.890" endtime="20221012 08:41:32.131"/>
</kw>
<kw name="Press Keycode" library="AppiumLibrary">
<arg>20</arg>
<doc>Sends a press of keycode to the device.</doc>
<status status="PASS" starttime="20221012 08:41:32.132" endtime="20221012 08:41:32.203"/>
</kw>
<kw name="Press Keycode" library="AppiumLibrary">
<arg>20</arg>
<doc>Sends a press of keycode to the device.</doc>
<status status="PASS" starttime="20221012 08:41:32.203" endtime="20221012 08:41:33.376"/>
</kw>
<kw name="Press Keycode" library="AppiumLibrary">
<arg>20</arg>
<doc>Sends a press of keycode to the device.</doc>
<status status="PASS" starttime="20221012 08:41:33.376" endtime="20221012 08:41:34.140"/>
</kw>
<kw name="Press Keycode" library="AppiumLibrary">
<arg>22</arg>
<doc>Sends a press of keycode to the device.</doc>
<status status="PASS" starttime="20221012 08:41:34.140" endtime="20221012 08:41:34.871"/>
</kw>
<kw name="Press Keycode" library="AppiumLibrary">
<arg>23</arg>
<doc>Sends a press of keycode to the device.</doc>
<status status="PASS" starttime="20221012 08:41:34.871" endtime="20221012 08:41:35.673"/>
</kw>
<kw name="Wait Until Element Is Visible" library="AppiumLibrary">
<arg>id=com.sentrics.engage360:id/tvMonthName</arg>
<doc>Waits until element specified with `locator` is visible.</doc>
<status status="PASS" starttime="20221012 08:41:35.674" endtime="20221012 08:41:36.669"/>
</kw>
<kw name="Wait Until Element Is Visible" library="AppiumLibrary">
<arg>id=com.sentrics.engage360:id/cvDate</arg>
<doc>Waits until element specified with `locator` is visible.</doc>
<status status="PASS" starttime="20221012 08:41:36.669" endtime="20221012 08:41:37.041"/>
</kw>
<kw name="Press Keycode" library="AppiumLibrary">
<arg>22</arg>
<doc>Sends a press of keycode to the device.</doc>
<status status="PASS" starttime="20221012 08:41:37.041" endtime="20221012 08:41:37.180"/>
</kw>
<kw name="Press Keycode" library="AppiumLibrary">
<arg>22</arg>
<doc>Sends a press of keycode to the device.</doc>
<status status="PASS" starttime="20221012 08:41:37.181" endtime="20221012 08:41:37.789"/>
</kw>
<kw name="Press Keycode" library="AppiumLibrary">
<arg>19</arg>
<doc>Sends a press of keycode to the device.</doc>
<status status="PASS" starttime="20221012 08:41:37.789" endtime="20221012 08:41:38.539"/>
</kw>
<kw name="Press Keycode" library="AppiumLibrary">
<arg>21</arg>
<doc>Sends a press of keycode to the device.</doc>
<status status="PASS" starttime="20221012 08:41:38.539" endtime="20221012 08:41:39.255"/>
</kw>
<kw name="Press Keycode" library="AppiumLibrary">
<arg>21</arg>
<doc>Sends a press of keycode to the device.</doc>
<status status="PASS" starttime="20221012 08:41:39.256" endtime="20221012 08:41:40.019"/>
</kw>
<kw name="Press Keycode" library="AppiumLibrary">
<arg>20</arg>
<doc>Sends a press of keycode to the device.</doc>
<status status="PASS" starttime="20221012 08:41:40.020" endtime="20221012 08:41:40.799"/>
</kw>
<status status="PASS" starttime="20221012 08:41:30.890" endtime="20221012 08:41:40.799"/>
</kw>
<kw name="Clic on days in the monthly calendar - My Schedule" library="Keywords">
<kw name="Press Keycode" library="AppiumLibrary">
<arg>20</arg>
<doc>Sends a press of keycode to the device.</doc>
<status status="PASS" starttime="20221012 08:41:40.800" endtime="20221012 08:41:41.549"/>
</kw>
<kw name="Press Keycode" library="AppiumLibrary">
<arg>23</arg>
<doc>Sends a press of keycode to the device.</doc>
<status status="PASS" starttime="20221012 08:41:41.549" endtime="20221012 08:41:42.339"/>
</kw>
<status status="PASS" starttime="20221012 08:41:40.799" endtime="20221012 08:41:42.339"/>
</kw>
<kw name="Back to today - My Schedule" library="Keywords">
<kw name="Press Keycode" library="AppiumLibrary">
<arg>22</arg>
<doc>Sends a press of keycode to the device.</doc>
<status status="PASS" starttime="20221012 08:41:42.339" endtime="20221012 08:41:43.007"/>
</kw>
<kw name="Press Keycode" library="AppiumLibrary">
<arg>22</arg>
<doc>Sends a press of keycode to the device.</doc>
<status status="PASS" starttime="20221012 08:41:43.007" endtime="20221012 08:41:43.594"/>
</kw>
<kw name="Press Keycode" library="AppiumLibrary">
<arg>23</arg>
<doc>Sends a press of keycode to the device.</doc>
<status status="PASS" starttime="20221012 08:41:43.594" endtime="20221012 08:41:43.798"/>
</kw>
<kw name="Press Keycode" library="AppiumLibrary">
<arg>19</arg>
<doc>Sends a press of keycode to the device.</doc>
<status status="PASS" starttime="20221012 08:41:43.799" endtime="20221012 08:41:44.456"/>
</kw>
<kw name="Press Keycode" library="AppiumLibrary">
<arg>20</arg>
<doc>Sends a press of keycode to the device.</doc>
<status status="PASS" starttime="20221012 08:41:44.456" endtime="20221012 08:41:45.086"/>
</kw>
<kw name="Press Keycode" library="AppiumLibrary">
<arg>23</arg>
<doc>Sends a press of keycode to the device.</doc>
<status status="PASS" starttime="20221012 08:41:45.086" endtime="20221012 08:41:46.366"/>
</kw>
<status status="PASS" starttime="20221012 08:41:42.339" endtime="20221012 08:41:46.366"/>
</kw>
<kw name="Select and enter to Activities - My Schedule" library="Keywords">
<kw name="Press Keycode" library="AppiumLibrary">
<arg>20</arg>
<doc>Sends a press of keycode to the device.</doc>
<status status="PASS" starttime="20221012 08:41:46.367" endtime="20221012 08:41:47.336"/>
</kw>
<kw name="Press Keycode" library="AppiumLibrary">
<arg>23</arg>
<doc>Sends a press of keycode to the device.</doc>
<status status="PASS" starttime="20221012 08:41:47.336" endtime="20221012 08:41:48.144"/>
</kw>
<kw name="Wait Until Element Is Visible" library="AppiumLibrary">
<arg>id=com.sentrics.engage360:id/calendarDayHeader</arg>
<doc>Waits until element specified with `locator` is visible.</doc>
<status status="PASS" starttime="20221012 08:41:48.144" endtime="20221012 08:41:49.083"/>
</kw>
<kw name="Wait Until Element Is Visible" library="AppiumLibrary">
<arg>id=com.sentrics.engage360:id/calendarDaySelectedDay</arg>
<doc>Waits until element specified with `locator` is visible.</doc>
<status status="PASS" starttime="20221012 08:41:49.083" endtime="20221012 08:41:49.422"/>
</kw>
<kw name="Wait Until Element Is Visible" library="AppiumLibrary">
<arg>id=com.sentrics.engage360:id/calendarDayBtnNewActivity</arg>
<doc>Waits until element specified with `locator` is visible.</doc>
<status status="PASS" starttime="20221012 08:41:49.422" endtime="20221012 08:41:49.914"/>
</kw>
<kw name="Element Should Contain Text" library="AppiumLibrary">
<arg>id=com.sentrics.engage360:id/calendarDayBtnNewActivity</arg>
<arg>Add an Activity</arg>
<doc>Verifies element identified by ``locator`` contains text ``expected``.</doc>
<msg timestamp="20221012 08:41:49.916" level="INFO">Verifying element 'id=com.sentrics.engage360:id/calendarDayBtnNewActivity' contains text 'Add an Activity'.</msg>
<status status="PASS" starttime="20221012 08:41:49.914" endtime="20221012 08:41:50.362"/>
</kw>
<kw name="Press Keycode" library="AppiumLibrary">
<arg>23</arg>
<doc>Sends a press of keycode to the device.</doc>
<status status="PASS" starttime="20221012 08:41:50.363" endtime="20221012 08:41:50.486"/>
</kw>
<kw name="Wait Until Element Is Visible" library="AppiumLibrary">
<arg>id=com.sentrics.engage360:id/tvDate</arg>
<doc>Waits until element specified with `locator` is visible.</doc>
<status status="PASS" starttime="20221012 08:41:50.486" endtime="20221012 08:41:52.856"/>
</kw>
<kw name="Element Should Contain Text" library="AppiumLibrary">
<arg>id=com.sentrics.engage360:id/tvDate</arg>
<arg>Date</arg>
<doc>Verifies element identified by ``locator`` contains text ``expected``.</doc>
<msg timestamp="20221012 08:41:52.858" level="INFO">Verifying element 'id=com.sentrics.engage360:id/tvDate' contains text 'Date'.</msg>
<status status="PASS" starttime="20221012 08:41:52.857" endtime="20221012 08:41:53.012"/>
</kw>
<kw name="Wait Until Element Is Visible" library="AppiumLibrary">
<arg>id=com.sentrics.engage360:id/tvAvailableActivities</arg>
<doc>Waits until element specified with `locator` is visible.</doc>
<status status="PASS" starttime="20221012 08:41:53.012" endtime="20221012 08:41:53.152"/>
</kw>
<kw name="Wait Until Element Is Visible" library="AppiumLibrary">
<arg>id=com.sentrics.engage360:id/ivBackgroundImage</arg>
<doc>Waits until element specified with `locator` is visible.</doc>
<status status="PASS" starttime="20221012 08:41:53.152" endtime="20221012 08:41:53.332"/>
</kw>
<kw name="Press Keycode" library="AppiumLibrary">
<arg>23</arg>
<doc>Sends a press of keycode to the device.</doc>
<status status="PASS" starttime="20221012 08:41:53.332" endtime="20221012 08:41:53.474"/>
</kw>
<kw name="Wait Until Element Is Visible" library="AppiumLibrary">
<arg>id=com.sentrics.engage360:id/tvTitle</arg>
<doc>Waits until element specified with `locator` is visible.</doc>
<status status="PASS" starttime="20221012 08:41:53.474" endtime="20221012 08:41:55.010"/>
</kw>
<kw name="Wait Until Element Is Visible" library="AppiumLibrary">
<arg>id=com.sentrics.engage360:id/ivPicture</arg>
<doc>Waits until element specified with `locator` is visible.</doc>
<status status="PASS" starttime="20221012 08:41:55.010" endtime="20221012 08:41:55.111"/>
</kw>
<kw name="Wait Until Element Is Visible" library="AppiumLibrary">
<arg>id=com.sentrics.engage360:id/btnRegister</arg>
<doc>Waits until element specified with `locator` is visible.</doc>
<status status="PASS" starttime="20221012 08:41:55.111" endtime="20221012 08:41:55.240"/>
</kw>
<kw name="Element Should Contain Text" library="AppiumLibrary">
<arg>id=com.sentrics.engage360:id/btnRegister</arg>
<arg>Register</arg>
<doc>Verifies element identified by ``locator`` contains text ``expected``.</doc>
<msg timestamp="20221012 08:41:55.241" level="INFO">Verifying element 'id=com.sentrics.engage360:id/btnRegister' contains text 'Register'.</msg>
<status status="PASS" starttime="20221012 08:41:55.240" endtime="20221012 08:41:55.352"/>
</kw>
<kw name="Press Keycode" library="AppiumLibrary">
<arg>4</arg>
<doc>Sends a press of keycode to the device.</doc>
<status status="PASS" starttime="20221012 08:41:55.352" endtime="20221012 08:41:55.626"/>
</kw>
<kw name="Wait Until Element Is Visible" library="AppiumLibrary">
<arg>id=com.sentrics.engage360:id/tvAvailableActivities</arg>
<doc>Waits until element specified with `locator` is visible.</doc>
<status status="PASS" starttime="20221012 08:41:55.626" endtime="20221012 08:41:56.537"/>
</kw>
<kw name="Wait Until Element Is Visible" library="AppiumLibrary">
<arg>id=com.sentrics.engage360:id/ivBackgroundImage</arg>
<doc>Waits until element specified with `locator` is visible.</doc>
<status status="PASS" starttime="20221012 08:41:56.537" endtime="20221012 08:41:56.722"/>
</kw>
<kw name="Press Keycode" library="AppiumLibrary">
<arg>4</arg>
<doc>Sends a press of keycode to the device.</doc>
<status status="PASS" starttime="20221012 08:41:56.722" endtime="20221012 08:41:56.869"/>
</kw>
<status status="PASS" starttime="20221012 08:41:46.367" endtime="20221012 08:41:56.869"/>
</kw>
<kw name="Register activity - My Schedule" library="Keywords">
<kw name="Wait Until Element Is Visible" library="AppiumLibrary">
<arg>id=com.sentrics.engage360:id/mainLayout</arg>
<doc>Waits until element specified with `locator` is visible.</doc>
<status status="PASS" starttime="20221012 08:41:56.870" endtime="20221012 08:41:57.931"/>
</kw>
<kw name="Wait Until Element Is Visible" library="AppiumLibrary">
<arg>id=com.sentrics.engage360:id/tvMonthName</arg>
<doc>Waits until element specified with `locator` is visible.</doc>
<status status="PASS" starttime="20221012 08:41:57.931" endtime="20221012 08:41:58.262"/>
</kw>
<kw name="Wait Until Element Is Visible" library="AppiumLibrary">
<arg>id=com.sentrics.engage360:id/calendarDayBtnNewActivity</arg>
<doc>Waits until element specified with `locator` is visible.</doc>
<status status="PASS" starttime="20221012 08:41:58.263" endtime="20221012 08:41:58.663"/>
</kw>
<kw name="Element Should Contain Text" library="AppiumLibrary">
<arg>id=com.sentrics.engage360:id/calendarDayBtnNewActivity</arg>
<arg>Add an Activity</arg>
<doc>Verifies element identified by ``locator`` contains text ``expected``.</doc>
<msg timestamp="20221012 08:41:58.664" level="INFO">Verifying element 'id=com.sentrics.engage360:id/calendarDayBtnNewActivity' contains text 'Add an Activity'.</msg>
<status status="PASS" starttime="20221012 08:41:58.663" endtime="20221012 08:41:59.073"/>
</kw>
<kw name="Press Keycode" library="AppiumLibrary">
<arg>22</arg>
<doc>Sends a press of keycode to the device.</doc>
<status status="PASS" starttime="20221012 08:41:59.073" endtime="20221012 08:41:59.190"/>
</kw>
<kw name="Press Keycode" library="AppiumLibrary">
<arg>22</arg>
<doc>Sends a press of keycode to the device.</doc>
<status status="PASS" starttime="20221012 08:41:59.190" endtime="20221012 08:41:59.890"/>
</kw>
<kw name="Press Keycode" library="AppiumLibrary">
<arg>23</arg>
<doc>Sends a press of keycode to the device.</doc>
<status status="PASS" starttime="20221012 08:41:59.890" endtime="20221012 08:42:00.700"/>
</kw>
<kw name="Press Keycode" library="AppiumLibrary">
<arg>23</arg>
<doc>Sends a press of keycode to the device.</doc>
<status status="PASS" starttime="20221012 08:42:00.700" endtime="20221012 08:42:01.402"/>
</kw>
<kw name="Wait Until Element Is Visible" library="AppiumLibrary">
<arg>id=com.sentrics.engage360:id/tvDate</arg>
<doc>Waits until element specified with `locator` is visible.</doc>
<status status="PASS" starttime="20221012 08:42:01.403" endtime="20221012 08:42:04.008"/>
</kw>
<kw name="Element Should Contain Text" library="AppiumLibrary">
<arg>id=com.sentrics.engage360:id/tvDate</arg>
<arg>Date</arg>
<doc>Verifies element identified by ``locator`` contains text ``expected``.</doc>
<msg timestamp="20221012 08:42:04.009" level="INFO">Verifying element 'id=com.sentrics.engage360:id/tvDate' contains text 'Date'.</msg>
<status status="PASS" starttime="20221012 08:42:04.008" endtime="20221012 08:42:04.187"/>
</kw>
<kw name="Wait Until Element Is Visible" library="AppiumLibrary">
<arg>id=com.sentrics.engage360:id/tvAvailableActivities</arg>
<doc>Waits until element specified with `locator` is visible.</doc>
<status status="PASS" starttime="20221012 08:42:04.188" endtime="20221012 08:42:04.377"/>
</kw>
<kw name="Wait Until Element Is Visible" library="AppiumLibrary">
<arg>id=com.sentrics.engage360:id/ivBackgroundImage</arg>
<doc>Waits until element specified with `locator` is visible.</doc>
<status status="PASS" starttime="20221012 08:42:04.377" endtime="20221012 08:42:04.567"/>
</kw>
<kw name="Press Keycode" library="AppiumLibrary">
<arg>23</arg>
<doc>Sends a press of keycode to the device.</doc>
<status status="PASS" starttime="20221012 08:42:04.567" endtime="20221012 08:42:04.694"/>
</kw>
<kw name="Wait Until Element Is Visible" library="AppiumLibrary">
<arg>id=com.sentrics.engage360:id/tvTitle</arg>
<doc>Waits until element specified with `locator` is visible.</doc>
<status status="PASS" starttime="20221012 08:42:04.694" endtime="20221012 08:42:06.167"/>
</kw>
<kw name="Wait Until Element Is Visible" library="AppiumLibrary">
<arg>id=com.sentrics.engage360:id/btnRegister</arg>
<doc>Waits until element specified with `locator` is visible.</doc>
<status status="PASS" starttime="20221012 08:42:06.167" endtime="20221012 08:42:06.285"/>
</kw>
<kw name="Element Should Contain Text" library="AppiumLibrary">
<arg>id=com.sentrics.engage360:id/btnRegister</arg>
<arg>Register</arg>
<doc>Verifies element identified by ``locator`` contains text ``expected``.</doc>
<msg timestamp="20221012 08:42:06.286" level="INFO">Verifying element 'id=com.sentrics.engage360:id/btnRegister' contains text 'Register'.</msg>
<status status="PASS" starttime="20221012 08:42:06.285" endtime="20221012 08:42:06.393"/>
</kw>
<kw name="Press Keycode" library="AppiumLibrary">
<arg>23</arg>
<doc>Sends a press of keycode to the device.</doc>
<status status="PASS" starttime="20221012 08:42:06.393" endtime="20221012 08:42:06.632"/>
</kw>
<kw name="Press Keycode" library="AppiumLibrary">
<arg>4</arg>
<doc>Sends a press of keycode to the device.</doc>
<status status="PASS" starttime="20221012 08:42:06.632" endtime="20221012 08:42:06.787"/>
</kw>
<kw name="Wait Until Element Is Visible" library="AppiumLibrary">
<arg>id=com.sentrics.engage360:id/tvAvailableActivities</arg>
<doc>Waits until element specified with `locator` is visible.</doc>
<status status="PASS" starttime="20221012 08:42:06.787" endtime="20221012 08:42:07.905"/>
</kw>
<kw name="Wait Until Element Is Visible" library="AppiumLibrary">
<arg>id=com.sentrics.engage360:id/ivBackgroundImage</arg>
<doc>Waits until element specified with `locator` is visible.</doc>
<status status="PASS" starttime="20221012 08:42:07.905" endtime="20221012 08:42:08.052"/>
</kw>
<kw name="Press Keycode" library="AppiumLibrary">
<arg>4</arg>
<doc>Sends a press of keycode to the device.</doc>
<status status="PASS" starttime="20221012 08:42:08.052" endtime="20221012 08:42:08.206"/>
</kw>
<kw name="Wait Until Element Is Visible" library="AppiumLibrary">
<arg>id=com.sentrics.engage360:id/mainLayout</arg>
<doc>Waits until element specified with `locator` is visible.</doc>
<status status="PASS" starttime="20221012 08:42:08.206" endtime="20221012 08:42:10.584"/>
</kw>
<kw name="Wait Until Element Is Visible" library="AppiumLibrary">
<arg>id=com.sentrics.engage360:id/tvMonthName</arg>
<doc>Waits until element specified with `locator` is visible.</doc>
<status status="PASS" starttime="20221012 08:42:10.584" endtime="20221012 08:42:10.933"/>
</kw>
<kw name="Press Keycode" library="AppiumLibrary">
<arg>4</arg>
<doc>Sends a press of keycode to the device.</doc>
<status status="PASS" starttime="20221012 08:42:10.934" endtime="20221012 08:42:11.052"/>
</kw>
<kw name="Wait Until Element Is Visible" library="AppiumLibrary">
<arg>id=com.sentrics.engage360:id/mainLayout</arg>
<doc>Waits until element specified with `locator` is visible.</doc>
<status status="PASS" starttime="20221012 08:42:11.052" endtime="20221012 08:42:11.988"/>
</kw>
<kw name="Wait Until Element Is Visible" library="AppiumLibrary">
<arg>id=com.sentrics.engage360:id/cvDate</arg>
<doc>Waits until element specified with `locator` is visible.</doc>
<status status="PASS" starttime="20221012 08:42:11.988" endtime="20221012 08:42:12.313"/>
</kw>
<kw name="Press Keycode" library="AppiumLibrary">
<arg>4</arg>
<doc>Sends a press of keycode to the device.</doc>
<status status="PASS" starttime="20221012 08:42:12.314" endtime="20221012 08:42:12.474"/>
</kw>
<kw name="Wait Until Element Is Visible" library="AppiumLibrary">
<arg>id=com.sentrics.engage360:id/tvAppName</arg>
<doc>Waits until element specified with `locator` is visible.</doc>
<status status="PASS" starttime="20221012 08:42:12.475" endtime="20221012 08:42:43.772"/>
</kw>
<kw name="Press Keycode" library="AppiumLibrary">
<arg>23</arg>
<doc>Sends a press of keycode to the device.</doc>
<status status="PASS" starttime="20221012 08:42:43.772" endtime="20221012 08:42:53.944"/>
</kw>
<kw name="Wait Until Element Is Visible" library="AppiumLibrary">
<arg>id=com.sentrics.engage360:id/tvMonthName</arg>
<doc>Waits until element specified with `locator` is visible.</doc>
<status status="PASS" starttime="20221012 08:42:53.944" endtime="20221012 08:42:58.310"/>
</kw>
<kw name="Wait Until Element Is Visible" library="AppiumLibrary">
<arg>id=com.sentrics.engage360:id/tvText</arg>
<doc>Waits until element specified with `locator` is visible.</doc>
<status status="PASS" starttime="20221012 08:42:58.310" endtime="20221012 08:42:58.702"/>
</kw>
<kw name="Press Keycode" library="AppiumLibrary">
<arg>20</arg>
<doc>Sends a press of keycode to the device.</doc>
<status status="PASS" starttime="20221012 08:42:58.702" endtime="20221012 08:42:58.822"/>
</kw>
<kw name="Wait Until Element Is Visible" library="AppiumLibrary">
<arg>id=com.sentrics.engage360:id/tvText</arg>
<doc>Waits until element specified with `locator` is visible.</doc>
<status status="PASS" starttime="20221012 08:42:58.822" endtime="20221012 08:42:59.801"/>
</kw>
<kw name="Press Keycode" library="AppiumLibrary">
<arg>22</arg>
<doc>Sends a press of keycode to the device.</doc>
<status status="PASS" starttime="20221012 08:42:59.801" endtime="20221012 08:42:59.901"/>
</kw>
<kw name="Wait Until Element Is Visible" library="AppiumLibrary">
<arg>id=com.sentrics.engage360:id/tvText</arg>
<doc>Waits until element specified with `locator` is visible.</doc>
<status status="PASS" starttime="20221012 08:42:59.901" endtime="20221012 08:43:01.132"/>
</kw>
<status status="PASS" starttime="20221012 08:41:56.870" endtime="20221012 08:43:01.132"/>
</kw>
<kw name="Enter and unregister in an activity - My Schedule" library="Keywords">
<kw name="Press Keycode" library="AppiumLibrary">
<arg>23</arg>
<doc>Sends a press of keycode to the device.</doc>
<status status="PASS" starttime="20221012 08:43:01.133" endtime="20221012 08:43:01.333"/>
</kw>
<kw name="Wait Until Element Is Visible" library="AppiumLibrary">
<arg>id=com.sentrics.engage360:id/linearLayoutTime</arg>
<doc>Waits until element specified with `locator` is visible.</doc>
<status status="PASS" starttime="20221012 08:43:01.333" endtime="20221012 08:43:02.212"/>
</kw>
<kw name="Wait Until Element Is Visible" library="AppiumLibrary">
<arg>id=com.sentrics.engage360:id/descriptionLinearLayout</arg>
<doc>Waits until element specified with `locator` is visible.</doc>
<status status="PASS" starttime="20221012 08:43:02.212" endtime="20221012 08:43:02.717"/>
</kw>
<kw name="Press Keycode" library="AppiumLibrary">
<arg>23</arg>
<doc>Sends a press of keycode to the device.</doc>
<status status="PASS" starttime="20221012 08:43:02.717" endtime="20221012 08:43:02.878"/>
</kw>
<kw name="Wait Until Element Is Visible" library="AppiumLibrary">
<arg>id=com.sentrics.engage360:id/tvTitle</arg>
<doc>Waits until element specified with `locator` is visible.</doc>
<status status="PASS" starttime="20221012 08:43:02.878" endtime="20221012 08:43:04.719"/>
</kw>
<kw name="Wait Until Element Is Visible" library="AppiumLibrary">
<arg>id=com.sentrics.engage360:id/tvDescription</arg>
<doc>Waits until element specified with `locator` is visible.</doc>
<status status="PASS" starttime="20221012 08:43:04.719" endtime="20221012 08:43:04.821"/>
</kw>
<kw name="Wait Until Element Is Visible" library="AppiumLibrary">
<arg>id=com.sentrics.engage360:id/btnUnregister</arg>
<doc>Waits until element specified with `locator` is visible.</doc>
<status status="PASS" starttime="20221012 08:43:04.821" endtime="20221012 08:43:04.940"/>
</kw>
<kw name="Press Keycode" library="AppiumLibrary">
<arg>23</arg>
<doc>Sends a press of keycode to the device.</doc>
<status status="PASS" starttime="20221012 08:43:04.940" endtime="20221012 08:43:05.124"/>
</kw>
<kw name="Press Keycode" library="AppiumLibrary">
<arg>4</arg>
<doc>Sends a press of keycode to the device.</doc>
<status status="PASS" starttime="20221012 08:43:05.124" endtime="20221012 08:43:06.290"/>
</kw>
<kw name="Wait Until Element Is Visible" library="AppiumLibrary">
<arg>id=com.sentrics.engage360:id/tvMonthName</arg>
<doc>Waits until element specified with `locator` is visible.</doc>
<status status="PASS" starttime="20221012 08:43:06.290" endtime="20221012 08:43:07.393"/>
</kw>
<kw name="Wait Until Element Is Visible" library="AppiumLibrary">
<arg>id=com.sentrics.engage360:id/calendarBtnBackToToday</arg>
<doc>Waits until element specified with `locator` is visible.</doc>
<status status="PASS" starttime="20221012 08:43:07.393" endtime="20221012 08:43:07.772"/>
</kw>
<kw name="Press Keycode" library="AppiumLibrary">
<arg>4</arg>
<doc>Sends a press of keycode to the device.</doc>
<status status="PASS" starttime="20221012 08:43:07.772" endtime="20221012 08:43:07.909"/>
</kw>
<kw name="Press Keycode" library="AppiumLibrary">
<arg>4</arg>
<doc>Sends a press of keycode to the device.</doc>
<status status="PASS" starttime="20221012 08:43:07.909" endtime="20221012 08:43:08.788"/>
</kw>
<kw name="Wait Until Element Is Visible" library="AppiumLibrary">
<arg>id=com.sentrics.engage360:id/tvAppName</arg>
<doc>Waits until element specified with `locator` is visible.</doc>
<status status="PASS" starttime="20221012 08:43:08.788" endtime="20221012 08:43:39.490"/>
</kw>
<kw name="Press Keycode" library="AppiumLibrary">
<arg>23</arg>
<doc>Sends a press of keycode to the device.</doc>
<status status="PASS" starttime="20221012 08:43:39.490" endtime="20221012 08:43:49.623"/>
</kw>
<status status="PASS" starttime="20221012 08:43:01.133" endtime="20221012 08:43:49.624"/>
</kw>
<tag>Automation</tag>
<status status="PASS" starttime="20221012 08:39:37.549" endtime="20221012 08:43:49.625"/>
</test>
<kw name="Close All Applications" library="AppiumLibrary" type="TEARDOWN">
<doc>Closes all open applications.</doc>
<status status="PASS" starttime="20221012 08:43:49.627" endtime="20221012 08:43:49.759"/>
</kw>
<status status="PASS" starttime="20221012 08:39:21.654" endtime="20221012 08:43:49.759"/>
</suite>
<statistics>
<total>
<stat pass="1" fail="0" skip="0">All Tests</stat>
</total>
<tag>
<stat pass="1" fail="0" skip="0">Automation</stat>
</tag>
<suite>
<stat pass="1" fail="0" skip="0" id="s1" name="My Schedule">My Schedule</stat>
</suite>
</statistics>
<errors>
</errors>
</robot>
